warning:
Compilation log for [ShaderModule (unlabeled)]:
1 warning(s) generated while compiling the shader:
:417:9 warning: code is unreachable
        let var_2 = _wgslsmith_f_op_vec3_f32(_wgslsmith_f_op_vec3_f32(ceil(vec3<f32>(_wgslsmith_f_op_f32(round(var_1.x)), _wgslsmith_f_op_f32(step(var_1.x, _wgslsmith_f_op_f32(var_1.x * var_1.x))), _wgslsmith_f_op_f32(sign(_wgslsmith_f_op_f32(-var_1.x)))))) + _wgslsmith_f_op_vec3_f32(exp2(_wgslsmith_f_op_vec3_f32(-_wgslsmith_f_op_vec3_f32(_wgslsmith_f_op_vec3_f32(vec3<f32>(var_1.x, var_1.x, var_1.x) - vec3<f32>(392f, var_1.x, var_1.x)) - _wgslsmith_f_op_vec3_f32(vec3<f32>(1000f, -579f, var_1.x) * vec3<f32>(var_1.x, 995f, var_1.x)))))));
        ^^^^^^^^^
AddressSanitizer:DEADLYSIGNAL
=================================================================
==306146==ERROR: AddressSanitizer: FPE on unknown address 0x7fa2184d06a5 (pc 0x7fa2184d06a5 bp 0x7ffc3421fc38 sp 0x7ffc3421fb58 T0)
    #0 0x7fa2184d06a5  (/usr/lib/x86_64-linux-gnu/libvulkan_lvp.so+0x1cf6a5)
    #1 0x7fa21845da0a  (/usr/lib/x86_64-linux-gnu/libvulkan_lvp.so+0x15ca0a)
    #2 0x7fa21845e154  (/usr/lib/x86_64-linux-gnu/libvulkan_lvp.so+0x15d154)
    #3 0x7fa21849292c  (/usr/lib/x86_64-linux-gnu/libvulkan_lvp.so+0x19192c)
    #4 0x7fa2184a8064  (/usr/lib/x86_64-linux-gnu/libvulkan_lvp.so+0x1a7064)
    #5 0x7fa2183791a8  (/usr/lib/x86_64-linux-gnu/libvulkan_lvp.so+0x781a8)
    #6 0x7fa218379e68  (/usr/lib/x86_64-linux-gnu/libvulkan_lvp.so+0x78e68)
    #7 0x7fa21837bdcb  (/usr/lib/x86_64-linux-gnu/libvulkan_lvp.so+0x7adcb)
    #8 0x7fa22752197a in dawn::native::vulkan::ComputePipeline::InitializeImpl() /home/matthew/final_project/dawn/src/dawn/native/vulkan/ComputePipelineVk.cpp:131
    #9 0x7fa226a573a7 in dawn::native::PipelineBase::Initialize(std::optional<dawn::native::PerStage<dawn::native::APIRef<dawn::native::ShaderModuleBase> > >) /home/matthew/final_project/dawn/src/dawn/native/Pipeline.cpp:380
    #10 0x7fa2267ebbc2 in dawn::native::DeviceBase::CreateComputePipeline(dawn::native::ComputePipelineDescriptor const*) /home/matthew/final_project/dawn/src/dawn/native/Device.cpp:2119
    #11 0x7fa2267eb041 in dawn::native::DeviceBase::APICreateComputePipeline(dawn::native::ComputePipelineDescriptor const*) /home/matthew/final_project/dawn/src/dawn/native/Device.cpp:1355
    #12 0x7fa226669891 in dawn::native::NativeDeviceCreateComputePipeline(WGPUDeviceImpl*, WGPUComputePipelineDescriptor const*) gen/src/dawn/native/ProcTable.cpp:862
    #13 0x7fa22757fde0 in wgpuDeviceCreateComputePipeline gen/src/dawn/dawn_proc.cpp:424
    #14 0x7fa226133a53 in wgpu::Device::CreateComputePipeline(wgpu::ComputePipelineDescriptor const*) const gen/include/dawn/webgpu_cpp.h:8236
    #15 0x7fa22612464d in wgpu::binding::GPUDevice::createComputePipeline(Napi::Env, wgpu::interop::GPUComputePipelineDescriptor) /home/matthew/final_project/dawn/src/dawn/node/binding/GPUDevice.cpp:381
    #16 0x7fa226471af6 in wgpu::interop::(anonymous namespace)::Wrappers::WGPUDevice::createComputePipeline(Napi::CallbackInfo const&) gen/node/src/dawn/node/interop/WebGPU.cpp:2572
    #17 0x7fa22647f7c3 in Napi::InstanceWrap<wgpu::interop::(anonymous namespace)::Wrappers::WGPUDevice>::InstanceMethodCallbackWrapper(napi_env__*, napi_callback_info__*)::{lambda()#1}::operator()() const /home/matthew/final_project/dawn/third_party/node-addon-api/napi-inl.h:4375
    #18 0x7fa22647f1ae in napi_value__* Napi::details::WrapCallback<Napi::InstanceWrap<wgpu::interop::(anonymous namespace)::Wrappers::WGPUDevice>::InstanceMethodCallbackWrapper(napi_env__*, napi_callback_info__*)::{lambda()#1}>(Napi::InstanceWrap<wgpu::interop::(anonymous namespace)::Wrappers::WGPUDevice>::InstanceMethodCallbackWrapper(napi_env__*, napi_callback_info__*)::{lambda()#1}) /home/matthew/final_project/dawn/third_party/node-addon-api/napi-inl.h:87
    #19 0x7fa22647e33c in Napi::InstanceWrap<wgpu::interop::(anonymous namespace)::Wrappers::WGPUDevice>::InstanceMethodCallbackWrapper(napi_env__*, napi_callback_info__*) /home/matthew/final_project/dawn/third_party/node-addon-api/napi-inl.h:4368
    #20 0xc513b8 in v8impl::(anonymous namespace)::FunctionCallbackWrapper::Invoke(v8::FunctionCallbackInfo<v8::Value> const&) (/home/matthew/.nvm/versions/node/v20.16.0/bin/node+0xc513b8)
    #21 0xf5907e in v8::internal::FunctionCallbackArguments::Call(v8::internal::CallHandlerInfo) (/home/matthew/.nvm/versions/node/v20.16.0/bin/node+0xf5907e)
    #22 0xf598ec in v8::internal::MaybeHandle<v8::internal::Object> v8::internal::(anonymous namespace)::HandleApiCallHelper<false>(v8::internal::Isolate*, v8::internal::Handle<v8::internal::HeapObject>, v8::internal::Handle<v8::internal::FunctionTemplateInfo>, v8::internal::Handle<v8::internal::Object>, unsigned long*, int) (/home/matthew/.nvm/versions/node/v20.16.0/bin/node+0xf598ec)
    #23 0xf59db4 in v8::internal::Builtin_HandleApiCall(int, unsigned long*, v8::internal::Isolate*) (/home/matthew/.nvm/versions/node/v20.16.0/bin/node+0xf59db4)
    #24 0x1964df5 in Builtins_CEntry_Return1_ArgvOnStack_BuiltinExit (/home/matthew/.nvm/versions/node/v20.16.0/bin/node+0x1964df5)

AddressSanitizer can not provide additional info.
SUMMARY: AddressSanitizer: FPE (/usr/lib/x86_64-linux-gnu/libvulkan_lvp.so+0x1cf6a5) 
==306146==ABORTING
