AddressSanitizer:DEADLYSIGNAL
=================================================================
==309770==ERROR: AddressSanitizer: FPE on unknown address 0x7f31452be6a5 (pc 0x7f31452be6a5 bp 0x7ffc75f54318 sp 0x7ffc75f54238 T0)
    #0 0x7f31452be6a5  (/usr/lib/x86_64-linux-gnu/libvulkan_lvp.so+0x1cf6a5)
    #1 0x7f314524ba0a  (/usr/lib/x86_64-linux-gnu/libvulkan_lvp.so+0x15ca0a)
    #2 0x7f3145249a9a  (/usr/lib/x86_64-linux-gnu/libvulkan_lvp.so+0x15aa9a)
    #3 0x7f3145249a9a  (/usr/lib/x86_64-linux-gnu/libvulkan_lvp.so+0x15aa9a)
    #4 0x7f3145249c77  (/usr/lib/x86_64-linux-gnu/libvulkan_lvp.so+0x15ac77)
    #5 0x7f3145249a9a  (/usr/lib/x86_64-linux-gnu/libvulkan_lvp.so+0x15aa9a)
    #6 0x7f314524c154  (/usr/lib/x86_64-linux-gnu/libvulkan_lvp.so+0x15d154)
    #7 0x7f314528092c  (/usr/lib/x86_64-linux-gnu/libvulkan_lvp.so+0x19192c)
    #8 0x7f3145296064  (/usr/lib/x86_64-linux-gnu/libvulkan_lvp.so+0x1a7064)
    #9 0x7f31451671a8  (/usr/lib/x86_64-linux-gnu/libvulkan_lvp.so+0x781a8)
    #10 0x7f3145167e68  (/usr/lib/x86_64-linux-gnu/libvulkan_lvp.so+0x78e68)
    #11 0x7f3145169dcb  (/usr/lib/x86_64-linux-gnu/libvulkan_lvp.so+0x7adcb)
    #12 0x7f31543a197a in dawn::native::vulkan::ComputePipeline::InitializeImpl() /home/matthew/final_project/dawn/src/dawn/native/vulkan/ComputePipelineVk.cpp:131
    #13 0x7f31538d73a7 in dawn::native::PipelineBase::Initialize(std::optional<dawn::native::PerStage<dawn::native::APIRef<dawn::native::ShaderModuleBase> > >) /home/matthew/final_project/dawn/src/dawn/native/Pipeline.cpp:380
    #14 0x7f315366bbc2 in dawn::native::DeviceBase::CreateComputePipeline(dawn::native::ComputePipelineDescriptor const*) /home/matthew/final_project/dawn/src/dawn/native/Device.cpp:2119
    #15 0x7f315366b041 in dawn::native::DeviceBase::APICreateComputePipeline(dawn::native::ComputePipelineDescriptor const*) /home/matthew/final_project/dawn/src/dawn/native/Device.cpp:1355
    #16 0x7f31534e9891 in dawn::native::NativeDeviceCreateComputePipeline(WGPUDeviceImpl*, WGPUComputePipelineDescriptor const*) gen/src/dawn/native/ProcTable.cpp:862
    #17 0x7f31543ffde0 in wgpuDeviceCreateComputePipeline gen/src/dawn/dawn_proc.cpp:424
    #18 0x7f3152fb3a53 in wgpu::Device::CreateComputePipeline(wgpu::ComputePipelineDescriptor const*) const gen/include/dawn/webgpu_cpp.h:8236
    #19 0x7f3152fa464d in wgpu::binding::GPUDevice::createComputePipeline(Napi::Env, wgpu::interop::GPUComputePipelineDescriptor) /home/matthew/final_project/dawn/src/dawn/node/binding/GPUDevice.cpp:381
    #20 0x7f31532f1af6 in wgpu::interop::(anonymous namespace)::Wrappers::WGPUDevice::createComputePipeline(Napi::CallbackInfo const&) gen/node/src/dawn/node/interop/WebGPU.cpp:2572
    #21 0x7f31532ff7c3 in Napi::InstanceWrap<wgpu::interop::(anonymous namespace)::Wrappers::WGPUDevice>::InstanceMethodCallbackWrapper(napi_env__*, napi_callback_info__*)::{lambda()#1}::operator()() const /home/matthew/final_project/dawn/third_party/node-addon-api/napi-inl.h:4375
    #22 0x7f31532ff1ae in napi_value__* Napi::details::WrapCallback<Napi::InstanceWrap<wgpu::interop::(anonymous namespace)::Wrappers::WGPUDevice>::InstanceMethodCallbackWrapper(napi_env__*, napi_callback_info__*)::{lambda()#1}>(Napi::InstanceWrap<wgpu::interop::(anonymous namespace)::Wrappers::WGPUDevice>::InstanceMethodCallbackWrapper(napi_env__*, napi_callback_info__*)::{lambda()#1}) /home/matthew/final_project/dawn/third_party/node-addon-api/napi-inl.h:87
    #23 0x7f31532fe33c in Napi::InstanceWrap<wgpu::interop::(anonymous namespace)::Wrappers::WGPUDevice>::InstanceMethodCallbackWrapper(napi_env__*, napi_callback_info__*) /home/matthew/final_project/dawn/third_party/node-addon-api/napi-inl.h:4368
    #24 0xc513b8 in v8impl::(anonymous namespace)::FunctionCallbackWrapper::Invoke(v8::FunctionCallbackInfo<v8::Value> const&) (/home/matthew/.nvm/versions/node/v20.16.0/bin/node+0xc513b8)
    #25 0xf5907e in v8::internal::FunctionCallbackArguments::Call(v8::internal::CallHandlerInfo) (/home/matthew/.nvm/versions/node/v20.16.0/bin/node+0xf5907e)
    #26 0xf598ec in v8::internal::MaybeHandle<v8::internal::Object> v8::internal::(anonymous namespace)::HandleApiCallHelper<false>(v8::internal::Isolate*, v8::internal::Handle<v8::internal::HeapObject>, v8::internal::Handle<v8::internal::FunctionTemplateInfo>, v8::internal::Handle<v8::internal::Object>, unsigned long*, int) (/home/matthew/.nvm/versions/node/v20.16.0/bin/node+0xf598ec)
    #27 0xf59db4 in v8::internal::Builtin_HandleApiCall(int, unsigned long*, v8::internal::Isolate*) (/home/matthew/.nvm/versions/node/v20.16.0/bin/node+0xf59db4)
    #28 0x1964df5 in Builtins_CEntry_Return1_ArgvOnStack_BuiltinExit (/home/matthew/.nvm/versions/node/v20.16.0/bin/node+0x1964df5)

AddressSanitizer can not provide additional info.
SUMMARY: AddressSanitizer: FPE (/usr/lib/x86_64-linux-gnu/libvulkan_lvp.so+0x1cf6a5) 
==309770==ABORTING
