AddressSanitizer:DEADLYSIGNAL
=================================================================
==244493==ERROR: AddressSanitizer: FPE on unknown address 0x7f11b16876a5 (pc 0x7f11b16876a5 bp 0x7ffc8bde5548 sp 0x7ffc8bde5468 T0)
    #0 0x7f11b16876a5  (/usr/lib/x86_64-linux-gnu/libvulkan_lvp.so+0x1cf6a5)
    #1 0x7f11b1614a0a  (/usr/lib/x86_64-linux-gnu/libvulkan_lvp.so+0x15ca0a)
    #2 0x7f11b1612c77  (/usr/lib/x86_64-linux-gnu/libvulkan_lvp.so+0x15ac77)
    #3 0x7f11b1615154  (/usr/lib/x86_64-linux-gnu/libvulkan_lvp.so+0x15d154)
    #4 0x7f11b164992c  (/usr/lib/x86_64-linux-gnu/libvulkan_lvp.so+0x19192c)
    #5 0x7f11b165f064  (/usr/lib/x86_64-linux-gnu/libvulkan_lvp.so+0x1a7064)
    #6 0x7f11b15301a8  (/usr/lib/x86_64-linux-gnu/libvulkan_lvp.so+0x781a8)
    #7 0x7f11b1531003  (/usr/lib/x86_64-linux-gnu/libvulkan_lvp.so+0x79003)
    #8 0x7f11b1532dcb  (/usr/lib/x86_64-linux-gnu/libvulkan_lvp.so+0x7adcb)
    #9 0x7f11c072197a in dawn::native::vulkan::ComputePipeline::InitializeImpl() /home/matthew/final_project/dawn/src/dawn/native/vulkan/ComputePipelineVk.cpp:131
    #10 0x7f11bfc573a7 in dawn::native::PipelineBase::Initialize(std::optional<dawn::native::PerStage<dawn::native::APIRef<dawn::native::ShaderModuleBase> > >) /home/matthew/final_project/dawn/src/dawn/native/Pipeline.cpp:380
    #11 0x7f11bf9ebbc2 in dawn::native::DeviceBase::CreateComputePipeline(dawn::native::ComputePipelineDescriptor const*) /home/matthew/final_project/dawn/src/dawn/native/Device.cpp:2119
    #12 0x7f11bf9eb041 in dawn::native::DeviceBase::APICreateComputePipeline(dawn::native::ComputePipelineDescriptor const*) /home/matthew/final_project/dawn/src/dawn/native/Device.cpp:1355
    #13 0x7f11bf869891 in dawn::native::NativeDeviceCreateComputePipeline(WGPUDeviceImpl*, WGPUComputePipelineDescriptor const*) gen/src/dawn/native/ProcTable.cpp:862
    #14 0x7f11c077fde0 in wgpuDeviceCreateComputePipeline gen/src/dawn/dawn_proc.cpp:424
    #15 0x7f11bf333a53 in wgpu::Device::CreateComputePipeline(wgpu::ComputePipelineDescriptor const*) const gen/include/dawn/webgpu_cpp.h:8236
    #16 0x7f11bf32464d in wgpu::binding::GPUDevice::createComputePipeline(Napi::Env, wgpu::interop::GPUComputePipelineDescriptor) /home/matthew/final_project/dawn/src/dawn/node/binding/GPUDevice.cpp:381
    #17 0x7f11bf671af6 in wgpu::interop::(anonymous namespace)::Wrappers::WGPUDevice::createComputePipeline(Napi::CallbackInfo const&) gen/node/src/dawn/node/interop/WebGPU.cpp:2572
    #18 0x7f11bf67f7c3 in Napi::InstanceWrap<wgpu::interop::(anonymous namespace)::Wrappers::WGPUDevice>::InstanceMethodCallbackWrapper(napi_env__*, napi_callback_info__*)::{lambda()#1}::operator()() const /home/matthew/final_project/dawn/third_party/node-addon-api/napi-inl.h:4375
    #19 0x7f11bf67f1ae in napi_value__* Napi::details::WrapCallback<Napi::InstanceWrap<wgpu::interop::(anonymous namespace)::Wrappers::WGPUDevice>::InstanceMethodCallbackWrapper(napi_env__*, napi_callback_info__*)::{lambda()#1}>(Napi::InstanceWrap<wgpu::interop::(anonymous namespace)::Wrappers::WGPUDevice>::InstanceMethodCallbackWrapper(napi_env__*, napi_callback_info__*)::{lambda()#1}) /home/matthew/final_project/dawn/third_party/node-addon-api/napi-inl.h:87
    #20 0x7f11bf67e33c in Napi::InstanceWrap<wgpu::interop::(anonymous namespace)::Wrappers::WGPUDevice>::InstanceMethodCallbackWrapper(napi_env__*, napi_callback_info__*) /home/matthew/final_project/dawn/third_party/node-addon-api/napi-inl.h:4368
    #21 0xc513b8 in v8impl::(anonymous namespace)::FunctionCallbackWrapper::Invoke(v8::FunctionCallbackInfo<v8::Value> const&) (/home/matthew/.nvm/versions/node/v20.16.0/bin/node+0xc513b8)
    #22 0xf5907e in v8::internal::FunctionCallbackArguments::Call(v8::internal::CallHandlerInfo) (/home/matthew/.nvm/versions/node/v20.16.0/bin/node+0xf5907e)
    #23 0xf598ec in v8::internal::MaybeHandle<v8::internal::Object> v8::internal::(anonymous namespace)::HandleApiCallHelper<false>(v8::internal::Isolate*, v8::internal::Handle<v8::internal::HeapObject>, v8::internal::Handle<v8::internal::FunctionTemplateInfo>, v8::internal::Handle<v8::internal::Object>, unsigned long*, int) (/home/matthew/.nvm/versions/node/v20.16.0/bin/node+0xf598ec)
    #24 0xf59db4 in v8::internal::Builtin_HandleApiCall(int, unsigned long*, v8::internal::Isolate*) (/home/matthew/.nvm/versions/node/v20.16.0/bin/node+0xf59db4)
    #25 0x1964df5 in Builtins_CEntry_Return1_ArgvOnStack_BuiltinExit (/home/matthew/.nvm/versions/node/v20.16.0/bin/node+0x1964df5)

AddressSanitizer can not provide additional info.
SUMMARY: AddressSanitizer: FPE (/usr/lib/x86_64-linux-gnu/libvulkan_lvp.so+0x1cf6a5) 
==244493==ABORTING
